find_header: checking for sqlite3.h... -------------------- yes

"x86_64-pc-linux-gnu-gcc -E -I. -I/usr/lib64/ruby/1.8/x86_64-linux -I. -I/usr/local/include -I/opt/local/include -I/sw/local/include -I/usr/include    -march=k8 -msse3 -O2 -pipe -fno-strict-aliasing  -fPIC    conftest.c -o conftest.i"
checked program was:
/* begin */
1: #include <sqlite3.h>
/* end */

--------------------

find_library: checking for sqlite3_libversion_number() in -lsqlite3... -------------------- yes

"x86_64-pc-linux-gnu-gcc -o conftest -I. -I/usr/lib64/ruby/1.8/x86_64-linux -I. -I/usr/local/include -I/opt/local/include -I/sw/local/include -I/usr/include    -march=k8 -msse3 -O2 -pipe -fno-strict-aliasing  -fPIC   conftest.c  -L. -L/usr/lib64 -Wl,-R/usr/lib64 -L/usr/local/lib -Wl,-R/usr/local/lib -L/opt/local/lib -Wl,-R/opt/local/lib -L/sw/local/lib -Wl,-R/sw/local/lib -L/usr/lib -Wl,-R/usr/lib -L. -Wl,-O1 -rdynamic -Wl,-export-dynamic -Wl,--no-undefined     -lruby18-static -lsqlite3  -lpthread -lrt -ldl -lcrypt -lm   -lc"
conftest.c: En la función ‘t’:
conftest.c:3: error: ‘sqlite3_libversion_number’ no se declaró aquí (primer uso en esta función)
conftest.c:3: error: (Cada identificador no declarado solamente se reporta una vez
conftest.c:3: error: para cada funcion en la que aparece.)
checked program was:
/* begin */
1: /*top*/
2: int main() { return 0; }
3: int t() { void ((*volatile p)()); p = (void ((*)()))sqlite3_libversion_number; return 0; }
/* end */

"x86_64-pc-linux-gnu-gcc -o conftest -I. -I/usr/lib64/ruby/1.8/x86_64-linux -I. -I/usr/local/include -I/opt/local/include -I/sw/local/include -I/usr/include    -march=k8 -msse3 -O2 -pipe -fno-strict-aliasing  -fPIC   conftest.c  -L. -L/usr/lib64 -Wl,-R/usr/lib64 -L/usr/local/lib -Wl,-R/usr/local/lib -L/opt/local/lib -Wl,-R/opt/local/lib -L/sw/local/lib -Wl,-R/sw/local/lib -L/usr/lib -Wl,-R/usr/lib -L. -Wl,-O1 -rdynamic -Wl,-export-dynamic -Wl,--no-undefined     -lruby18-static -lsqlite3  -lpthread -lrt -ldl -lcrypt -lm   -lc"
checked program was:
/* begin */
1: /*top*/
2: int main() { return 0; }
3: int t() { sqlite3_libversion_number(); return 0; }
/* end */

--------------------

have_func: checking for rb_proc_arity()... -------------------- no

"x86_64-pc-linux-gnu-gcc -o conftest -I. -I/usr/lib64/ruby/1.8/x86_64-linux -I. -I/usr/local/include -I/opt/local/include -I/sw/local/include -I/usr/include    -march=k8 -msse3 -O2 -pipe -fno-strict-aliasing  -fPIC   conftest.c  -L. -L/usr/lib64 -Wl,-R/usr/lib64 -L/usr/local/lib -Wl,-R/usr/local/lib -L/opt/local/lib -Wl,-R/opt/local/lib -L/sw/local/lib -Wl,-R/sw/local/lib -L/usr/lib -Wl,-R/usr/lib -L. -Wl,-O1 -rdynamic -Wl,-export-dynamic -Wl,--no-undefined    -lsqlite3  -lruby18-static -lsqlite3  -lpthread -lrt -ldl -lcrypt -lm   -lc"
conftest.c: En la función ‘t’:
conftest.c:3: error: ‘rb_proc_arity’ no se declaró aquí (primer uso en esta función)
conftest.c:3: error: (Cada identificador no declarado solamente se reporta una vez
conftest.c:3: error: para cada funcion en la que aparece.)
checked program was:
/* begin */
1: /*top*/
2: int main() { return 0; }
3: int t() { void ((*volatile p)()); p = (void ((*)()))rb_proc_arity; return 0; }
/* end */

"x86_64-pc-linux-gnu-gcc -o conftest -I. -I/usr/lib64/ruby/1.8/x86_64-linux -I. -I/usr/local/include -I/opt/local/include -I/sw/local/include -I/usr/include    -march=k8 -msse3 -O2 -pipe -fno-strict-aliasing  -fPIC   conftest.c  -L. -L/usr/lib64 -Wl,-R/usr/lib64 -L/usr/local/lib -Wl,-R/usr/local/lib -L/opt/local/lib -Wl,-R/opt/local/lib -L/sw/local/lib -Wl,-R/sw/local/lib -L/usr/lib -Wl,-R/usr/lib -L. -Wl,-O1 -rdynamic -Wl,-export-dynamic -Wl,--no-undefined    -lsqlite3  -lruby18-static -lsqlite3  -lpthread -lrt -ldl -lcrypt -lm   -lc"
/tmp/cc6xz6Im.o: In function `t':
conftest.c:(.text+0x17): undefined reference to `rb_proc_arity'
collect2: ld devolvió el estado de salida 1
checked program was:
/* begin */
1: /*top*/
2: int main() { return 0; }
3: int t() { rb_proc_arity(); return 0; }
/* end */

--------------------

have_func: checking for sqlite3_initialize()... -------------------- yes

"x86_64-pc-linux-gnu-gcc -o conftest -I. -I/usr/lib64/ruby/1.8/x86_64-linux -I. -I/usr/local/include -I/opt/local/include -I/sw/local/include -I/usr/include    -march=k8 -msse3 -O2 -pipe -fno-strict-aliasing  -fPIC   conftest.c  -L. -L/usr/lib64 -Wl,-R/usr/lib64 -L/usr/local/lib -Wl,-R/usr/local/lib -L/opt/local/lib -Wl,-R/opt/local/lib -L/sw/local/lib -Wl,-R/sw/local/lib -L/usr/lib -Wl,-R/usr/lib -L. -Wl,-O1 -rdynamic -Wl,-export-dynamic -Wl,--no-undefined    -lsqlite3  -lruby18-static -lsqlite3  -lpthread -lrt -ldl -lcrypt -lm   -lc"
conftest.c: En la función ‘t’:
conftest.c:3: error: ‘sqlite3_initialize’ no se declaró aquí (primer uso en esta función)
conftest.c:3: error: (Cada identificador no declarado solamente se reporta una vez
conftest.c:3: error: para cada funcion en la que aparece.)
checked program was:
/* begin */
1: /*top*/
2: int main() { return 0; }
3: int t() { void ((*volatile p)()); p = (void ((*)()))sqlite3_initialize; return 0; }
/* end */

"x86_64-pc-linux-gnu-gcc -o conftest -I. -I/usr/lib64/ruby/1.8/x86_64-linux -I. -I/usr/local/include -I/opt/local/include -I/sw/local/include -I/usr/include    -march=k8 -msse3 -O2 -pipe -fno-strict-aliasing  -fPIC   conftest.c  -L. -L/usr/lib64 -Wl,-R/usr/lib64 -L/usr/local/lib -Wl,-R/usr/local/lib -L/opt/local/lib -Wl,-R/opt/local/lib -L/sw/local/lib -Wl,-R/sw/local/lib -L/usr/lib -Wl,-R/usr/lib -L. -Wl,-O1 -rdynamic -Wl,-export-dynamic -Wl,--no-undefined    -lsqlite3  -lruby18-static -lsqlite3  -lpthread -lrt -ldl -lcrypt -lm   -lc"
checked program was:
/* begin */
1: /*top*/
2: int main() { return 0; }
3: int t() { sqlite3_initialize(); return 0; }
/* end */

--------------------

have_func: checking for sqlite3_next_stmt()... -------------------- yes

"x86_64-pc-linux-gnu-gcc -o conftest -I. -I/usr/lib64/ruby/1.8/x86_64-linux -I. -I/usr/local/include -I/opt/local/include -I/sw/local/include -I/usr/include    -march=k8 -msse3 -O2 -pipe -fno-strict-aliasing  -fPIC   conftest.c  -L. -L/usr/lib64 -Wl,-R/usr/lib64 -L/usr/local/lib -Wl,-R/usr/local/lib -L/opt/local/lib -Wl,-R/opt/local/lib -L/sw/local/lib -Wl,-R/sw/local/lib -L/usr/lib -Wl,-R/usr/lib -L. -Wl,-O1 -rdynamic -Wl,-export-dynamic -Wl,--no-undefined    -lsqlite3  -lruby18-static -lsqlite3  -lpthread -lrt -ldl -lcrypt -lm   -lc"
conftest.c: En la función ‘t’:
conftest.c:3: error: ‘sqlite3_next_stmt’ no se declaró aquí (primer uso en esta función)
conftest.c:3: error: (Cada identificador no declarado solamente se reporta una vez
conftest.c:3: error: para cada funcion en la que aparece.)
checked program was:
/* begin */
1: /*top*/
2: int main() { return 0; }
3: int t() { void ((*volatile p)()); p = (void ((*)()))sqlite3_next_stmt; return 0; }
/* end */

"x86_64-pc-linux-gnu-gcc -o conftest -I. -I/usr/lib64/ruby/1.8/x86_64-linux -I. -I/usr/local/include -I/opt/local/include -I/sw/local/include -I/usr/include    -march=k8 -msse3 -O2 -pipe -fno-strict-aliasing  -fPIC   conftest.c  -L. -L/usr/lib64 -Wl,-R/usr/lib64 -L/usr/local/lib -Wl,-R/usr/local/lib -L/opt/local/lib -Wl,-R/opt/local/lib -L/sw/local/lib -Wl,-R/sw/local/lib -L/usr/lib -Wl,-R/usr/lib -L. -Wl,-O1 -rdynamic -Wl,-export-dynamic -Wl,--no-undefined    -lsqlite3  -lruby18-static -lsqlite3  -lpthread -lrt -ldl -lcrypt -lm   -lc"
checked program was:
/* begin */
1: /*top*/
2: int main() { return 0; }
3: int t() { sqlite3_next_stmt(); return 0; }
/* end */

--------------------

have_func: checking for sqlite3_column_database_name()... -------------------- yes

"x86_64-pc-linux-gnu-gcc -o conftest -I. -I/usr/lib64/ruby/1.8/x86_64-linux -I. -I/usr/local/include -I/opt/local/include -I/sw/local/include -I/usr/include    -march=k8 -msse3 -O2 -pipe -fno-strict-aliasing  -fPIC   conftest.c  -L. -L/usr/lib64 -Wl,-R/usr/lib64 -L/usr/local/lib -Wl,-R/usr/local/lib -L/opt/local/lib -Wl,-R/opt/local/lib -L/sw/local/lib -Wl,-R/sw/local/lib -L/usr/lib -Wl,-R/usr/lib -L. -Wl,-O1 -rdynamic -Wl,-export-dynamic -Wl,--no-undefined    -lsqlite3  -lruby18-static -lsqlite3  -lpthread -lrt -ldl -lcrypt -lm   -lc"
conftest.c: En la función ‘t’:
conftest.c:3: error: ‘sqlite3_column_database_name’ no se declaró aquí (primer uso en esta función)
conftest.c:3: error: (Cada identificador no declarado solamente se reporta una vez
conftest.c:3: error: para cada funcion en la que aparece.)
checked program was:
/* begin */
1: /*top*/
2: int main() { return 0; }
3: int t() { void ((*volatile p)()); p = (void ((*)()))sqlite3_column_database_name; return 0; }
/* end */

"x86_64-pc-linux-gnu-gcc -o conftest -I. -I/usr/lib64/ruby/1.8/x86_64-linux -I. -I/usr/local/include -I/opt/local/include -I/sw/local/include -I/usr/include    -march=k8 -msse3 -O2 -pipe -fno-strict-aliasing  -fPIC   conftest.c  -L. -L/usr/lib64 -Wl,-R/usr/lib64 -L/usr/local/lib -Wl,-R/usr/local/lib -L/opt/local/lib -Wl,-R/opt/local/lib -L/sw/local/lib -Wl,-R/sw/local/lib -L/usr/lib -Wl,-R/usr/lib -L. -Wl,-O1 -rdynamic -Wl,-export-dynamic -Wl,--no-undefined    -lsqlite3  -lruby18-static -lsqlite3  -lpthread -lrt -ldl -lcrypt -lm   -lc"
checked program was:
/* begin */
1: /*top*/
2: int main() { return 0; }
3: int t() { sqlite3_column_database_name(); return 0; }
/* end */

--------------------

have_func: checking for sqlite3_enable_load_extension()... -------------------- yes

"x86_64-pc-linux-gnu-gcc -o conftest -I. -I/usr/lib64/ruby/1.8/x86_64-linux -I. -I/usr/local/include -I/opt/local/include -I/sw/local/include -I/usr/include    -march=k8 -msse3 -O2 -pipe -fno-strict-aliasing  -fPIC   conftest.c  -L. -L/usr/lib64 -Wl,-R/usr/lib64 -L/usr/local/lib -Wl,-R/usr/local/lib -L/opt/local/lib -Wl,-R/opt/local/lib -L/sw/local/lib -Wl,-R/sw/local/lib -L/usr/lib -Wl,-R/usr/lib -L. -Wl,-O1 -rdynamic -Wl,-export-dynamic -Wl,--no-undefined    -lsqlite3  -lruby18-static -lsqlite3  -lpthread -lrt -ldl -lcrypt -lm   -lc"
conftest.c: En la función ‘t’:
conftest.c:3: error: ‘sqlite3_enable_load_extension’ no se declaró aquí (primer uso en esta función)
conftest.c:3: error: (Cada identificador no declarado solamente se reporta una vez
conftest.c:3: error: para cada funcion en la que aparece.)
checked program was:
/* begin */
1: /*top*/
2: int main() { return 0; }
3: int t() { void ((*volatile p)()); p = (void ((*)()))sqlite3_enable_load_extension; return 0; }
/* end */

"x86_64-pc-linux-gnu-gcc -o conftest -I. -I/usr/lib64/ruby/1.8/x86_64-linux -I. -I/usr/local/include -I/opt/local/include -I/sw/local/include -I/usr/include    -march=k8 -msse3 -O2 -pipe -fno-strict-aliasing  -fPIC   conftest.c  -L. -L/usr/lib64 -Wl,-R/usr/lib64 -L/usr/local/lib -Wl,-R/usr/local/lib -L/opt/local/lib -Wl,-R/opt/local/lib -L/sw/local/lib -Wl,-R/sw/local/lib -L/usr/lib -Wl,-R/usr/lib -L. -Wl,-O1 -rdynamic -Wl,-export-dynamic -Wl,--no-undefined    -lsqlite3  -lruby18-static -lsqlite3  -lpthread -lrt -ldl -lcrypt -lm   -lc"
checked program was:
/* begin */
1: /*top*/
2: int main() { return 0; }
3: int t() { sqlite3_enable_load_extension(); return 0; }
/* end */

--------------------

have_func: checking for sqlite3_load_extension()... -------------------- yes

"x86_64-pc-linux-gnu-gcc -o conftest -I. -I/usr/lib64/ruby/1.8/x86_64-linux -I. -I/usr/local/include -I/opt/local/include -I/sw/local/include -I/usr/include    -march=k8 -msse3 -O2 -pipe -fno-strict-aliasing  -fPIC   conftest.c  -L. -L/usr/lib64 -Wl,-R/usr/lib64 -L/usr/local/lib -Wl,-R/usr/local/lib -L/opt/local/lib -Wl,-R/opt/local/lib -L/sw/local/lib -Wl,-R/sw/local/lib -L/usr/lib -Wl,-R/usr/lib -L. -Wl,-O1 -rdynamic -Wl,-export-dynamic -Wl,--no-undefined    -lsqlite3  -lruby18-static -lsqlite3  -lpthread -lrt -ldl -lcrypt -lm   -lc"
conftest.c: En la función ‘t’:
conftest.c:3: error: ‘sqlite3_load_extension’ no se declaró aquí (primer uso en esta función)
conftest.c:3: error: (Cada identificador no declarado solamente se reporta una vez
conftest.c:3: error: para cada funcion en la que aparece.)
checked program was:
/* begin */
1: /*top*/
2: int main() { return 0; }
3: int t() { void ((*volatile p)()); p = (void ((*)()))sqlite3_load_extension; return 0; }
/* end */

"x86_64-pc-linux-gnu-gcc -o conftest -I. -I/usr/lib64/ruby/1.8/x86_64-linux -I. -I/usr/local/include -I/opt/local/include -I/sw/local/include -I/usr/include    -march=k8 -msse3 -O2 -pipe -fno-strict-aliasing  -fPIC   conftest.c  -L. -L/usr/lib64 -Wl,-R/usr/lib64 -L/usr/local/lib -Wl,-R/usr/local/lib -L/opt/local/lib -Wl,-R/opt/local/lib -L/sw/local/lib -Wl,-R/sw/local/lib -L/usr/lib -Wl,-R/usr/lib -L. -Wl,-O1 -rdynamic -Wl,-export-dynamic -Wl,--no-undefined    -lsqlite3  -lruby18-static -lsqlite3  -lpthread -lrt -ldl -lcrypt -lm   -lc"
checked program was:
/* begin */
1: /*top*/
2: int main() { return 0; }
3: int t() { sqlite3_load_extension(); return 0; }
/* end */

--------------------

